[2017-09-07 19:23:47] Текст ошибки: Контроллер app\controllers\admin\MainController не найден | Файл: D:\WebServer\domains\ishop2.loc\vendor\ishop\core\Router.php | Строка: 36
=================
[2017-09-07 19:23:47] Текст ошибки: Страница не найдена | Файл: D:\WebServer\domains\ishop2.loc\vendor\ishop\core\Router.php | Строка: 39
=================
[2017-09-07 19:23:47] Текст ошибки: Страница не найдена | Файл: D:\WebServer\domains\ishop2.loc\vendor\ishop\core\Router.php | Строка: 39
=================
[2017-09-07 19:26:12] Текст ошибки: Контроллер app\controllers\admin\MainController не найден | Файл: D:\WebServer\domains\ishop2.loc\vendor\ishop\core\Router.php | Строка: 36
=================
[2017-09-07 19:44:08] Текст ошибки: Страница не найдена | Файл: D:\WebServer\domains\ishop2.loc\vendor\ishop\core\Router.php | Строка: 39
=================
[2017-09-07 19:44:08] Текст ошибки: Страница не найдена | Файл: D:\WebServer\domains\ishop2.loc\vendor\ishop\core\Router.php | Строка: 39
=================
[2017-09-07 19:44:08] Текст ошибки: Страница не найдена | Файл: D:\WebServer\domains\ishop2.loc\vendor\ishop\core\Router.php | Строка: 39
=================
[2017-09-07 19:44:08] Текст ошибки: Страница не найдена | Файл: D:\WebServer\domains\ishop2.loc\vendor\ishop\core\Router.php | Строка: 39
=================
[2017-09-07 19:44:08] Текст ошибки: Страница не найдена | Файл: D:\WebServer\domains\ishop2.loc\vendor\ishop\core\Router.php | Строка: 39
=================
[2017-09-07 19:44:08] Текст ошибки: Страница не найдена | Файл: D:\WebServer\domains\ishop2.loc\vendor\ishop\core\Router.php | Строка: 39
=================
[2017-09-07 19:44:08] Текст ошибки: Страница не найдена | Файл: D:\WebServer\domains\ishop2.loc\vendor\ishop\core\Router.php | Строка: 39
=================
[2017-09-07 19:44:08] Текст ошибки: Страница не найдена | Файл: D:\WebServer\domains\ishop2.loc\vendor\ishop\core\Router.php | Строка: 39
=================
[2017-09-07 19:44:08] Текст ошибки: Страница не найдена | Файл: D:\WebServer\domains\ishop2.loc\vendor\ishop\core\Router.php | Строка: 39
=================
[2017-09-07 19:44:08] Текст ошибки: Страница не найдена | Файл: D:\WebServer\domains\ishop2.loc\vendor\ishop\core\Router.php | Строка: 39
=================
[2017-09-07 19:44:08] Текст ошибки: Страница не найдена | Файл: D:\WebServer\domains\ishop2.loc\vendor\ishop\core\Router.php | Строка: 39
=================
[2017-09-07 19:44:08] Текст ошибки: Страница не найдена | Файл: D:\WebServer\domains\ishop2.loc\vendor\ishop\core\Router.php | Строка: 39
=================
[2017-09-07 19:44:08] Текст ошибки: Страница не найдена | Файл: D:\WebServer\domains\ishop2.loc\vendor\ishop\core\Router.php | Строка: 39
=================
[2017-09-07 19:44:08] Текст ошибки: Страница не найдена | Файл: D:\WebServer\domains\ishop2.loc\vendor\ishop\core\Router.php | Строка: 39
=================
[2017-09-07 19:44:08] Текст ошибки: Страница не найдена | Файл: D:\WebServer\domains\ishop2.loc\vendor\ishop\core\Router.php | Строка: 39
=================
[2017-09-07 19:44:08] Текст ошибки: Страница не найдена | Файл: D:\WebServer\domains\ishop2.loc\vendor\ishop\core\Router.php | Строка: 39
=================
[2017-09-07 19:44:08] Текст ошибки: Страница не найдена | Файл: D:\WebServer\domains\ishop2.loc\vendor\ishop\core\Router.php | Строка: 39
=================
[2017-09-07 19:44:08] Текст ошибки: Страница не найдена | Файл: D:\WebServer\domains\ishop2.loc\vendor\ishop\core\Router.php | Строка: 39
=================
[2017-09-07 19:44:08] Текст ошибки: Страница не найдена | Файл: D:\WebServer\domains\ishop2.loc\vendor\ishop\core\Router.php | Строка: 39
=================
[2017-09-07 19:44:08] Текст ошибки: Страница не найдена | Файл: D:\WebServer\domains\ishop2.loc\vendor\ishop\core\Router.php | Строка: 39
=================
[2017-09-07 19:44:08] Текст ошибки: Страница не найдена | Файл: D:\WebServer\domains\ishop2.loc\vendor\ishop\core\Router.php | Строка: 39
=================
[2017-09-07 19:44:08] Текст ошибки: Страница не найдена | Файл: D:\WebServer\domains\ishop2.loc\vendor\ishop\core\Router.php | Строка: 39
=================
[2017-09-07 19:44:08] Текст ошибки: Страница не найдена | Файл: D:\WebServer\domains\ishop2.loc\vendor\ishop\core\Router.php | Строка: 39
=================
[2017-09-07 19:44:08] Текст ошибки: Страница не найдена | Файл: D:\WebServer\domains\ishop2.loc\vendor\ishop\core\Router.php | Строка: 39
=================
[2017-09-07 19:44:08] Текст ошибки: Страница не найдена | Файл: D:\WebServer\domains\ishop2.loc\vendor\ishop\core\Router.php | Строка: 39
=================
[2017-09-07 19:44:08] Текст ошибки: Страница не найдена | Файл: D:\WebServer\domains\ishop2.loc\vendor\ishop\core\Router.php | Строка: 39
=================
[2017-09-07 19:44:08] Текст ошибки: Страница не найдена | Файл: D:\WebServer\domains\ishop2.loc\vendor\ishop\core\Router.php | Строка: 39
=================
[2017-09-07 19:44:08] Текст ошибки: Страница не найдена | Файл: D:\WebServer\domains\ishop2.loc\vendor\ishop\core\Router.php | Строка: 39
=================
[2017-09-07 19:44:08] Текст ошибки: Страница не найдена | Файл: D:\WebServer\domains\ishop2.loc\vendor\ishop\core\Router.php | Строка: 39
=================
[2017-09-07 19:44:08] Текст ошибки: Страница не найдена | Файл: D:\WebServer\domains\ishop2.loc\vendor\ishop\core\Router.php | Строка: 39
=================
[2017-09-07 19:44:08] Текст ошибки: Страница не найдена | Файл: D:\WebServer\domains\ishop2.loc\vendor\ishop\core\Router.php | Строка: 39
=================
[2017-09-07 19:44:08] Текст ошибки: Страница не найдена | Файл: D:\WebServer\domains\ishop2.loc\vendor\ishop\core\Router.php | Строка: 39
=================
[2017-09-07 19:44:08] Текст ошибки: Страница не найдена | Файл: D:\WebServer\domains\ishop2.loc\vendor\ishop\core\Router.php | Строка: 39
=================
[2017-09-07 19:44:08] Текст ошибки: Страница не найдена | Файл: D:\WebServer\domains\ishop2.loc\vendor\ishop\core\Router.php | Строка: 39
=================
[2017-09-07 19:44:08] Текст ошибки: Страница не найдена | Файл: D:\WebServer\domains\ishop2.loc\vendor\ishop\core\Router.php | Строка: 39
=================
[2017-09-07 19:44:08] Текст ошибки: Страница не найдена | Файл: D:\WebServer\domains\ishop2.loc\vendor\ishop\core\Router.php | Строка: 39
=================
[2017-09-07 19:44:08] Текст ошибки: Страница не найдена | Файл: D:\WebServer\domains\ishop2.loc\vendor\ishop\core\Router.php | Строка: 39
=================
[2017-09-07 19:44:08] Текст ошибки: Страница не найдена | Файл: D:\WebServer\domains\ishop2.loc\vendor\ishop\core\Router.php | Строка: 39
=================
[2017-09-07 19:44:08] Текст ошибки: Страница не найдена | Файл: D:\WebServer\domains\ishop2.loc\vendor\ishop\core\Router.php | Строка: 39
=================
[2017-09-07 19:44:08] Текст ошибки: Страница не найдена | Файл: D:\WebServer\domains\ishop2.loc\vendor\ishop\core\Router.php | Строка: 39
=================
[2017-09-07 19:44:08] Текст ошибки: Страница не найдена | Файл: D:\WebServer\domains\ishop2.loc\vendor\ishop\core\Router.php | Строка: 39
=================
[2017-09-07 19:44:08] Текст ошибки: Страница не найдена | Файл: D:\WebServer\domains\ishop2.loc\vendor\ishop\core\Router.php | Строка: 39
=================
[2017-09-07 19:44:08] Текст ошибки: Страница не найдена | Файл: D:\WebServer\domains\ishop2.loc\vendor\ishop\core\Router.php | Строка: 39
=================
[2017-09-07 19:44:08] Текст ошибки: Страница не найдена | Файл: D:\WebServer\domains\ishop2.loc\vendor\ishop\core\Router.php | Строка: 39
=================
[2017-09-07 19:44:08] Текст ошибки: Страница не найдена | Файл: D:\WebServer\domains\ishop2.loc\vendor\ishop\core\Router.php | Строка: 39
=================
[2017-09-07 19:44:09] Текст ошибки: Страница не найдена | Файл: D:\WebServer\domains\ishop2.loc\vendor\ishop\core\Router.php | Строка: 39
=================
[2017-09-07 19:44:09] Текст ошибки: Страница не найдена | Файл: D:\WebServer\domains\ishop2.loc\vendor\ishop\core\Router.php | Строка: 39
=================
[2017-09-07 19:44:09] Текст ошибки: Страница не найдена | Файл: D:\WebServer\domains\ishop2.loc\vendor\ishop\core\Router.php | Строка: 39
=================
[2017-09-09 08:25:55] Текст ошибки: Страница не найдена | Файл: D:\WebServer\domains\ishop2.loc\vendor\ishop\core\Router.php | Строка: 39
=================
[2017-09-09 08:25:55] Текст ошибки: Страница не найдена | Файл: D:\WebServer\domains\ishop2.loc\vendor\ishop\core\Router.php | Строка: 39
=================
[2017-09-09 08:29:04] Текст ошибки: Страница не найдена | Файл: D:\WebServer\domains\ishop2.loc\vendor\ishop\core\Router.php | Строка: 39
=================
[2017-09-09 08:53:54] Текст ошибки: Страница не найдена | Файл: D:\WebServer\domains\ishop2.loc\vendor\ishop\core\Router.php | Строка: 39
=================
[2017-09-09 08:53:54] Текст ошибки: Страница не найдена | Файл: D:\WebServer\domains\ishop2.loc\vendor\ishop\core\Router.php | Строка: 39
=================
[2017-09-09 08:53:54] Текст ошибки: Страница не найдена | Файл: D:\WebServer\domains\ishop2.loc\vendor\ishop\core\Router.php | Строка: 39
=================
[2017-09-09 08:53:54] Текст ошибки: Страница не найдена | Файл: D:\WebServer\domains\ishop2.loc\vendor\ishop\core\Router.php | Строка: 39
=================
[2017-09-09 08:53:54] Текст ошибки: Страница не найдена | Файл: D:\WebServer\domains\ishop2.loc\vendor\ishop\core\Router.php | Строка: 39
=================
[2017-09-09 08:55:43] Текст ошибки: Страница не найдена | Файл: D:\WebServer\domains\ishop2.loc\vendor\ishop\core\Router.php | Строка: 39
=================
[2017-09-09 08:55:43] Текст ошибки: Страница не найдена | Файл: D:\WebServer\domains\ishop2.loc\vendor\ishop\core\Router.php | Строка: 39
=================
[2017-09-09 08:55:43] Текст ошибки: Страница не найдена | Файл: D:\WebServer\domains\ishop2.loc\vendor\ishop\core\Router.php | Строка: 39
=================
[2017-09-09 08:55:43] Текст ошибки: Страница не найдена | Файл: D:\WebServer\domains\ishop2.loc\vendor\ishop\core\Router.php | Строка: 39
=================
[2017-09-09 08:55:44] Текст ошибки: Страница не найдена | Файл: D:\WebServer\domains\ishop2.loc\vendor\ishop\core\Router.php | Строка: 39
=================
[2017-09-09 09:05:33] Текст ошибки: Контроллер app\controllers\admin\OrderController не найден | Файл: D:\WebServer\domains\ishop2.loc\vendor\ishop\core\Router.php | Строка: 36
=================
[2017-09-09 09:17:47] Текст ошибки: Контроллер app\controllers\admin\OrderController не найден | Файл: D:\WebServer\domains\ishop2.loc\vendor\ishop\core\Router.php | Строка: 36
=================
[2017-09-09 09:17:53] Текст ошибки: Контроллер app\controllers\admin\OrderController не найден | Файл: D:\WebServer\domains\ishop2.loc\vendor\ishop\core\Router.php | Строка: 36
=================
[2017-09-09 11:34:53] Текст ошибки: Страница не найдена | Файл: D:\WebServer\domains\ishop2.loc\vendor\ishop\core\Router.php | Строка: 39
=================
[2017-09-09 11:34:53] Текст ошибки: Страница не найдена | Файл: D:\WebServer\domains\ishop2.loc\vendor\ishop\core\Router.php | Строка: 39
=================
[2017-09-09 11:36:56] Текст ошибки: Метод app\controllers\admin\OrderController::viewAction не найден | Файл: D:\WebServer\domains\ishop2.loc\vendor\ishop\core\Router.php | Строка: 33
=================
[2017-09-09 11:42:31] Текст ошибки: Страница не найдена | Файл: D:\WebServer\domains\ishop2.loc\app\controllers\admin\AppController.php | Строка: 29
=================
[2017-09-09 12:28:34] Текст ошибки: Метод app\controllers\admin\OrderController::deleteAction не найден | Файл: D:\WebServer\domains\ishop2.loc\vendor\ishop\core\Router.php | Строка: 33
=================
[2017-09-09 14:04:55] Текст ошибки: Страница не найдена | Файл: D:\WebServer\domains\ishop2.loc\vendor\ishop\core\Router.php | Строка: 39
=================
[2017-09-09 14:04:55] Текст ошибки: Страница не найдена | Файл: D:\WebServer\domains\ishop2.loc\vendor\ishop\core\Router.php | Строка: 39
=================
[2017-09-09 15:37:39] Текст ошибки: Страница не найдена | Файл: D:\WebServer\domains\ishop2.loc\vendor\ishop\core\Router.php | Строка: 39
=================
[2017-09-09 15:37:39] Текст ошибки: Страница не найдена | Файл: D:\WebServer\domains\ishop2.loc\vendor\ishop\core\Router.php | Строка: 39
=================
[2017-09-10 08:58:27] Текст ошибки: Страница не найдена | Файл: D:\WebServer\domains\ishop2.loc\vendor\ishop\core\Router.php | Строка: 39
=================
[2017-09-10 08:58:27] Текст ошибки: Страница не найдена | Файл: D:\WebServer\domains\ishop2.loc\vendor\ishop\core\Router.php | Строка: 39
=================
[2017-09-10 09:55:00] Текст ошибки: SQLSTATE[42000]: Syntax error or access violation: 1064 You have an error in your SQL syntax; check the manual that corresponds to your MySQL server version for the right syntax to use near '(SUM(`order_product`.`price`), 2) AS `sum` FROM `order`
  JOIN `order_product` ' at line 1 | Файл: D:\WebServer\domains\ishop2.loc\vendor\gabordemooij\redbean\RedBeanPHP\Driver\RPDO.php | Строка: 186
=================
[2017-09-10 11:39:55] Текст ошибки: Страница не найдена | Файл: D:\WebServer\domains\ishop2.loc\vendor\ishop\core\Router.php | Строка: 39
=================
[2017-09-10 15:34:36] Текст ошибки: Страница не найдена | Файл: D:\WebServer\domains\ishop2.loc\vendor\ishop\core\Router.php | Строка: 39
=================
[2017-09-10 15:34:36] Текст ошибки: Страница не найдена | Файл: D:\WebServer\domains\ishop2.loc\vendor\ishop\core\Router.php | Строка: 39
=================
[2017-09-11 18:56:22] Текст ошибки: Страница не найдена | Файл: D:\WebServer\domains\ishop2.loc\vendor\ishop\core\Router.php | Строка: 39
=================
[2017-09-11 19:01:40] Текст ошибки: SQLSTATE[23000]: Integrity constraint violation: 1062 Duplicate entry '' for key 'alias' | Файл: D:\WebServer\domains\ishop2.loc\vendor\gabordemooij\redbean\RedBeanPHP\Driver\RPDO.php | Строка: 186
=================
[2017-09-11 19:18:45] Текст ошибки: Страница не найдена | Файл: D:\WebServer\domains\ishop2.loc\vendor\ishop\core\Router.php | Строка: 39
=================
[2017-09-11 19:46:18] Текст ошибки: Страница не найдена | Файл: D:\WebServer\domains\ishop2.loc\vendor\ishop\core\Router.php | Строка: 39
=================
[2017-09-12 19:13:23] Текст ошибки: Страница не найдена | Файл: D:\WebServer\domains\ishop2.loc\vendor\ishop\core\Router.php | Строка: 39
=================
[2017-09-12 19:13:24] Текст ошибки: Страница не найдена | Файл: D:\WebServer\domains\ishop2.loc\vendor\ishop\core\Router.php | Строка: 39
=================
[2017-09-12 19:34:52] Текст ошибки: Метод app\controllers\admin\ProductController::relatedProductAction не найден | Файл: D:\WebServer\domains\ishop2.loc\vendor\ishop\core\Router.php | Строка: 33
=================
[2017-09-12 19:36:37] Текст ошибки: Метод app\controllers\admin\ProductController::relatedProductAction не найден | Файл: D:\WebServer\domains\ishop2.loc\vendor\ishop\core\Router.php | Строка: 33
=================
[2017-09-12 19:36:40] Текст ошибки: Метод app\controllers\admin\ProductController::relatedProductAction не найден | Файл: D:\WebServer\domains\ishop2.loc\vendor\ishop\core\Router.php | Строка: 33
=================
[2017-09-12 19:36:49] Текст ошибки: Метод app\controllers\admin\ProductController::relatedProductAction не найден | Файл: D:\WebServer\domains\ishop2.loc\vendor\ishop\core\Router.php | Строка: 33
=================
[2017-09-12 19:37:08] Текст ошибки: Метод app\controllers\admin\ProductController::relatedProductAction не найден | Файл: D:\WebServer\domains\ishop2.loc\vendor\ishop\core\Router.php | Строка: 33
=================
[2017-09-12 19:37:21] Текст ошибки: Метод app\controllers\admin\ProductController::relatedProductAction не найден | Файл: D:\WebServer\domains\ishop2.loc\vendor\ishop\core\Router.php | Строка: 33
=================
[2017-09-12 19:37:42] Текст ошибки: Метод app\controllers\admin\ProductController::relatedProductAction не найден | Файл: D:\WebServer\domains\ishop2.loc\vendor\ishop\core\Router.php | Строка: 33
=================
[2017-09-13 18:35:25] Текст ошибки: Страница не найдена | Файл: D:\WebServer\domains\ishop2.loc\vendor\ishop\core\Router.php | Строка: 39
=================
[2017-09-13 18:35:25] Текст ошибки: Страница не найдена | Файл: D:\WebServer\domains\ishop2.loc\vendor\ishop\core\Router.php | Строка: 39
=================
[2017-09-13 19:00:45] Текст ошибки: Страница не найдена | Файл: D:\WebServer\domains\ishop2.loc\vendor\ishop\core\Router.php | Строка: 39
=================
[2017-09-13 19:00:45] Текст ошибки: Страница не найдена | Файл: D:\WebServer\domains\ishop2.loc\vendor\ishop\core\Router.php | Строка: 39
=================
[2017-09-13 19:00:45] Текст ошибки: Страница не найдена | Файл: D:\WebServer\domains\ishop2.loc\vendor\ishop\core\Router.php | Строка: 39
=================
[2017-09-13 19:00:45] Текст ошибки: Страница не найдена | Файл: D:\WebServer\domains\ishop2.loc\vendor\ishop\core\Router.php | Строка: 39
=================
[2017-09-13 19:00:45] Текст ошибки: Страница не найдена | Файл: D:\WebServer\domains\ishop2.loc\vendor\ishop\core\Router.php | Строка: 39
=================
[2017-09-13 19:00:45] Текст ошибки: Страница не найдена | Файл: D:\WebServer\domains\ishop2.loc\vendor\ishop\core\Router.php | Строка: 39
=================
[2017-09-13 19:00:45] Текст ошибки: Страница не найдена | Файл: D:\WebServer\domains\ishop2.loc\vendor\ishop\core\Router.php | Строка: 39
=================
[2017-09-13 19:00:45] Текст ошибки: Страница не найдена | Файл: D:\WebServer\domains\ishop2.loc\vendor\ishop\core\Router.php | Строка: 39
=================
[2017-09-13 19:05:22] Текст ошибки: Метод app\controllers\admin\ProductController::addImageAction не найден | Файл: D:\WebServer\domains\ishop2.loc\vendor\ishop\core\Router.php | Строка: 33
=================
[2017-09-13 19:05:53] Текст ошибки: Метод app\controllers\admin\ProductController::addImageAction не найден | Файл: D:\WebServer\domains\ishop2.loc\vendor\ishop\core\Router.php | Строка: 33
=================
[2017-09-13 19:07:33] Текст ошибки: На найден вид D:\WebServer\domains\ishop2.loc/app/views/admin\Product/add-image.php | Файл: D:\WebServer\domains\ishop2.loc\vendor\ishop\core\base\View.php | Строка: 38
=================
[2017-09-16 11:06:59] Текст ошибки: Страница не найдена | Файл: D:\WebServer\domains\ishop2.loc\vendor\ishop\core\Router.php | Строка: 39
=================
[2017-09-16 11:06:59] Текст ошибки: Страница не найдена | Файл: D:\WebServer\domains\ishop2.loc\vendor\ishop\core\Router.php | Строка: 39
=================
[2017-09-16 11:59:22] Текст ошибки: Страница не найдена | Файл: D:\WebServer\domains\ishop2.loc\app\controllers\admin\AppController.php | Строка: 29
=================
[2017-09-16 11:59:51] Текст ошибки: Страница не найдена | Файл: D:\WebServer\domains\ishop2.loc\app\controllers\admin\AppController.php | Строка: 29
=================
[2017-09-16 12:17:25] Текст ошибки: Страница не найдена | Файл: D:\WebServer\domains\ishop2.loc\app\controllers\ProductController.php | Строка: 14
=================
[2017-09-16 12:17:29] Текст ошибки: Страница не найдена | Файл: D:\WebServer\domains\ishop2.loc\app\controllers\ProductController.php | Строка: 14
=================
[2017-09-16 12:17:58] Текст ошибки: Страница не найдена | Файл: D:\WebServer\domains\ishop2.loc\app\controllers\ProductController.php | Строка: 14
=================
[2017-09-16 12:33:58] Текст ошибки: Страница не найдена | Файл: D:\WebServer\domains\ishop2.loc\app\controllers\ProductController.php | Строка: 14
=================
[2017-09-16 12:34:10] Текст ошибки: Страница не найдена | Файл: D:\WebServer\domains\ishop2.loc\app\controllers\ProductController.php | Строка: 14
=================
[2017-09-16 14:33:17] Текст ошибки: Страница не найдена | Файл: D:\WebServer\domains\ishop2.loc\vendor\ishop\core\Router.php | Строка: 39
=================
[2017-09-16 14:33:17] Текст ошибки: Страница не найдена | Файл: D:\WebServer\domains\ishop2.loc\vendor\ishop\core\Router.php | Строка: 39
=================
[2017-09-16 15:00:10] Текст ошибки: Invalid type: attribute_group | Файл: D:\WebServer\domains\ishop2.loc\vendor\gabordemooij\redbean\RedBeanPHP\Util\DispenseHelper.php | Строка: 37
=================
[2017-09-16 15:06:26] Текст ошибки: Plugin 'xdispense' does not exist, add this plugin using: R::ext('xdispense') | Файл: D:\WebServer\domains\ishop2.loc\vendor\gabordemooij\redbean\RedBeanPHP\Facade.php | Строка: 2004
=================
[2017-09-16 15:12:41] Текст ошибки: На найден вид D:\WebServer\domains\ishop2.loc/app/views/admin\Filter/attribute.php | Файл: D:\WebServer\domains\ishop2.loc\vendor\ishop\core\base\View.php | Строка: 38
=================
[2017-09-16 15:12:47] Текст ошибки: На найден вид D:\WebServer\domains\ishop2.loc/app/views/admin\Filter/attribute.php | Файл: D:\WebServer\domains\ishop2.loc\vendor\ishop\core\base\View.php | Строка: 38
=================
[2017-09-16 18:15:24] Текст ошибки: Страница не найдена | Файл: D:\WebServer\domains\ishop2.loc\vendor\ishop\core\Router.php | Строка: 39
=================
[2017-09-16 18:47:39] Текст ошибки: Метод app\controllers\admin\ProductController::deleteAction не найден | Файл: D:\WebServer\domains\ishop2.loc\vendor\ishop\core\Router.php | Строка: 33
=================
[2020-06-10 20:43:17] Текст ошибки: Страница не найдена | Файл: D:\OpenServer\OSPanel\domains\ishop2.loc\vendor\ishop\core\Router.php | Строка: 39
=================
[2020-06-10 20:43:17] Текст ошибки: Страница не найдена | Файл: D:\OpenServer\OSPanel\domains\ishop2.loc\vendor\ishop\core\Router.php | Строка: 39
=================
[2020-06-10 20:43:17] Текст ошибки: Страница не найдена | Файл: D:\OpenServer\OSPanel\domains\ishop2.loc\vendor\ishop\core\Router.php | Строка: 39
=================
[2020-06-10 20:43:17] Текст ошибки: Страница не найдена | Файл: D:\OpenServer\OSPanel\domains\ishop2.loc\vendor\ishop\core\Router.php | Строка: 39
=================
[2020-06-10 20:43:17] Текст ошибки: Страница не найдена | Файл: D:\OpenServer\OSPanel\domains\ishop2.loc\vendor\ishop\core\Router.php | Строка: 39
=================
[2020-06-10 20:43:17] Текст ошибки: Страница не найдена | Файл: D:\OpenServer\OSPanel\domains\ishop2.loc\vendor\ishop\core\Router.php | Строка: 39
=================
[2020-06-10 20:43:17] Текст ошибки: Страница не найдена | Файл: D:\OpenServer\OSPanel\domains\ishop2.loc\vendor\ishop\core\Router.php | Строка: 39
=================
[2020-06-10 20:43:17] Текст ошибки: Страница не найдена | Файл: D:\OpenServer\OSPanel\domains\ishop2.loc\vendor\ishop\core\Router.php | Строка: 39
=================
[2020-06-10 20:43:17] Текст ошибки: Страница не найдена | Файл: D:\OpenServer\OSPanel\domains\ishop2.loc\vendor\ishop\core\Router.php | Строка: 39
=================
[2020-06-10 20:43:17] Текст ошибки: Страница не найдена | Файл: D:\OpenServer\OSPanel\domains\ishop2.loc\vendor\ishop\core\Router.php | Строка: 39
=================
[2020-06-10 20:43:18] Текст ошибки: Страница не найдена | Файл: D:\OpenServer\OSPanel\domains\ishop2.loc\vendor\ishop\core\Router.php | Строка: 39
=================
[2020-06-10 20:43:18] Текст ошибки: Страница не найдена | Файл: D:\OpenServer\OSPanel\domains\ishop2.loc\vendor\ishop\core\Router.php | Строка: 39
=================
[2020-06-10 20:43:18] Текст ошибки: Страница не найдена | Файл: D:\OpenServer\OSPanel\domains\ishop2.loc\vendor\ishop\core\Router.php | Строка: 39
=================
[2020-06-10 20:43:18] Текст ошибки: Страница не найдена | Файл: D:\OpenServer\OSPanel\domains\ishop2.loc\vendor\ishop\core\Router.php | Строка: 39
=================
[2020-06-10 20:43:18] Текст ошибки: Страница не найдена | Файл: D:\OpenServer\OSPanel\domains\ishop2.loc\vendor\ishop\core\Router.php | Строка: 39
=================
[2020-06-10 20:43:18] Текст ошибки: Страница не найдена | Файл: D:\OpenServer\OSPanel\domains\ishop2.loc\vendor\ishop\core\Router.php | Строка: 39
=================
[2020-06-10 20:43:18] Текст ошибки: Страница не найдена | Файл: D:\OpenServer\OSPanel\domains\ishop2.loc\vendor\ishop\core\Router.php | Строка: 39
=================
[2020-06-10 20:43:18] Текст ошибки: Страница не найдена | Файл: D:\OpenServer\OSPanel\domains\ishop2.loc\vendor\ishop\core\Router.php | Строка: 39
=================
[2020-06-10 20:43:18] Текст ошибки: Страница не найдена | Файл: D:\OpenServer\OSPanel\domains\ishop2.loc\vendor\ishop\core\Router.php | Строка: 39
=================
[2020-06-10 20:43:18] Текст ошибки: Страница не найдена | Файл: D:\OpenServer\OSPanel\domains\ishop2.loc\vendor\ishop\core\Router.php | Строка: 39
=================
[2020-06-10 20:45:35] Текст ошибки: Страница не найдена | Файл: D:\OpenServer\OSPanel\domains\ishop2.loc\vendor\ishop\core\Router.php | Строка: 39
=================
[2020-06-10 20:45:35] Текст ошибки: Страница не найдена | Файл: D:\OpenServer\OSPanel\domains\ishop2.loc\vendor\ishop\core\Router.php | Строка: 39
=================
[2020-06-10 20:45:35] Текст ошибки: Страница не найдена | Файл: D:\OpenServer\OSPanel\domains\ishop2.loc\vendor\ishop\core\Router.php | Строка: 39
=================
[2020-06-10 20:45:35] Текст ошибки: Страница не найдена | Файл: D:\OpenServer\OSPanel\domains\ishop2.loc\vendor\ishop\core\Router.php | Строка: 39
=================
[2020-06-10 20:45:38] Текст ошибки: Страница не найдена | Файл: D:\OpenServer\OSPanel\domains\ishop2.loc\vendor\ishop\core\Router.php | Строка: 39
=================
[2020-06-10 20:45:48] Текст ошибки: Страница не найдена | Файл: D:\OpenServer\OSPanel\domains\ishop2.loc\vendor\ishop\core\Router.php | Строка: 39
=================
[2020-06-10 20:45:55] Текст ошибки: Страница не найдена | Файл: D:\OpenServer\OSPanel\domains\ishop2.loc\vendor\ishop\core\Router.php | Строка: 39
=================
[2020-06-10 20:45:55] Текст ошибки: Страница не найдена | Файл: D:\OpenServer\OSPanel\domains\ishop2.loc\vendor\ishop\core\Router.php | Строка: 39
=================
[2020-06-10 20:45:55] Текст ошибки: Страница не найдена | Файл: D:\OpenServer\OSPanel\domains\ishop2.loc\vendor\ishop\core\Router.php | Строка: 39
=================
[2020-06-10 20:45:55] Текст ошибки: Страница не найдена | Файл: D:\OpenServer\OSPanel\domains\ishop2.loc\vendor\ishop\core\Router.php | Строка: 39
=================
[2020-06-10 20:45:55] Текст ошибки: Страница не найдена | Файл: D:\OpenServer\OSPanel\domains\ishop2.loc\vendor\ishop\core\Router.php | Строка: 39
=================
[2020-06-10 20:45:55] Текст ошибки: Страница не найдена | Файл: D:\OpenServer\OSPanel\domains\ishop2.loc\vendor\ishop\core\Router.php | Строка: 39
=================
[2020-06-10 20:45:55] Текст ошибки: Страница не найдена | Файл: D:\OpenServer\OSPanel\domains\ishop2.loc\vendor\ishop\core\Router.php | Строка: 39
=================
[2020-06-10 20:45:55] Текст ошибки: Страница не найдена | Файл: D:\OpenServer\OSPanel\domains\ishop2.loc\vendor\ishop\core\Router.php | Строка: 39
=================
[2020-06-10 20:45:55] Текст ошибки: Страница не найдена | Файл: D:\OpenServer\OSPanel\domains\ishop2.loc\vendor\ishop\core\Router.php | Строка: 39
=================
[2020-06-10 20:45:55] Текст ошибки: Страница не найдена | Файл: D:\OpenServer\OSPanel\domains\ishop2.loc\vendor\ishop\core\Router.php | Строка: 39
=================
[2020-06-10 20:45:59] Текст ошибки: Страница не найдена | Файл: D:\OpenServer\OSPanel\domains\ishop2.loc\vendor\ishop\core\Router.php | Строка: 39
=================
[2020-06-10 20:45:59] Текст ошибки: Страница не найдена | Файл: D:\OpenServer\OSPanel\domains\ishop2.loc\vendor\ishop\core\Router.php | Строка: 39
=================
[2020-06-10 20:45:59] Текст ошибки: Страница не найдена | Файл: D:\OpenServer\OSPanel\domains\ishop2.loc\vendor\ishop\core\Router.php | Строка: 39
=================
[2020-06-10 20:46:06] Текст ошибки: Страница не найдена | Файл: D:\OpenServer\OSPanel\domains\ishop2.loc\vendor\ishop\core\Router.php | Строка: 39
=================
[2020-06-10 20:46:06] Текст ошибки: Страница не найдена | Файл: D:\OpenServer\OSPanel\domains\ishop2.loc\vendor\ishop\core\Router.php | Строка: 39
=================
[2020-06-10 20:46:11] Текст ошибки: Страница не найдена | Файл: D:\OpenServer\OSPanel\domains\ishop2.loc\vendor\ishop\core\Router.php | Строка: 39
=================
[2020-06-10 20:46:11] Текст ошибки: Страница не найдена | Файл: D:\OpenServer\OSPanel\domains\ishop2.loc\vendor\ishop\core\Router.php | Строка: 39
=================
[2020-06-10 20:46:16] Текст ошибки: Failed to authenticate on SMTP server with username "testishop2@ukr.net" using 2 possible authenticators | Файл: D:\OpenServer\OSPanel\domains\ishop2.loc\vendor\swiftmailer\swiftmailer\lib\classes\Swift\Transport\Esmtp\AuthHandler.php | Строка: 181
=================
[2020-06-10 20:46:16] Текст ошибки: Страница не найдена | Файл: D:\OpenServer\OSPanel\domains\ishop2.loc\vendor\ishop\core\Router.php | Строка: 39
=================
[2020-06-10 20:49:58] Текст ошибки: Страница не найдена | Файл: D:\OpenServer\OSPanel\domains\ishop2.loc\vendor\ishop\core\Router.php | Строка: 39
=================
[2020-06-10 20:49:58] Текст ошибки: Страница не найдена | Файл: D:\OpenServer\OSPanel\domains\ishop2.loc\vendor\ishop\core\Router.php | Строка: 39
=================
[2020-06-10 20:50:03] Текст ошибки: Страница не найдена | Файл: D:\OpenServer\OSPanel\domains\ishop2.loc\vendor\ishop\core\Router.php | Строка: 39
=================
[2020-06-10 20:50:03] Текст ошибки: Страница не найдена | Файл: D:\OpenServer\OSPanel\domains\ishop2.loc\vendor\ishop\core\Router.php | Строка: 39
=================
[2020-06-10 20:50:29] Текст ошибки: Страница не найдена | Файл: D:\OpenServer\OSPanel\domains\ishop2.loc\vendor\ishop\core\Router.php | Строка: 39
=================
[2020-06-10 20:50:29] Текст ошибки: Страница не найдена | Файл: D:\OpenServer\OSPanel\domains\ishop2.loc\vendor\ishop\core\Router.php | Строка: 39
=================
[2020-06-10 20:50:29] Текст ошибки: Страница не найдена | Файл: D:\OpenServer\OSPanel\domains\ishop2.loc\vendor\ishop\core\Router.php | Строка: 39
=================
[2020-06-10 20:50:29] Текст ошибки: Страница не найдена | Файл: D:\OpenServer\OSPanel\domains\ishop2.loc\vendor\ishop\core\Router.php | Строка: 39
=================
[2020-06-10 20:50:29] Текст ошибки: Страница не найдена | Файл: D:\OpenServer\OSPanel\domains\ishop2.loc\vendor\ishop\core\Router.php | Строка: 39
=================
[2020-06-10 20:50:29] Текст ошибки: Страница не найдена | Файл: D:\OpenServer\OSPanel\domains\ishop2.loc\vendor\ishop\core\Router.php | Строка: 39
=================
[2020-06-10 20:50:29] Текст ошибки: Страница не найдена | Файл: D:\OpenServer\OSPanel\domains\ishop2.loc\vendor\ishop\core\Router.php | Строка: 39
=================
[2020-06-10 20:50:29] Текст ошибки: Страница не найдена | Файл: D:\OpenServer\OSPanel\domains\ishop2.loc\vendor\ishop\core\Router.php | Строка: 39
=================
[2020-06-10 20:50:29] Текст ошибки: Страница не найдена | Файл: D:\OpenServer\OSPanel\domains\ishop2.loc\vendor\ishop\core\Router.php | Строка: 39
=================
[2020-06-10 20:50:29] Текст ошибки: Страница не найдена | Файл: D:\OpenServer\OSPanel\domains\ishop2.loc\vendor\ishop\core\Router.php | Строка: 39
=================
[2020-06-10 20:57:29] Текст ошибки: Страница не найдена | Файл: D:\OpenServer\OSPanel\domains\ishop2.loc\vendor\ishop\core\Router.php | Строка: 39
=================
[2020-06-10 20:57:29] Текст ошибки: Страница не найдена | Файл: D:\OpenServer\OSPanel\domains\ishop2.loc\vendor\ishop\core\Router.php | Строка: 39
=================
[2020-06-10 20:57:29] Текст ошибки: Страница не найдена | Файл: D:\OpenServer\OSPanel\domains\ishop2.loc\vendor\ishop\core\Router.php | Строка: 39
=================
[2020-06-10 20:57:29] Текст ошибки: Страница не найдена | Файл: D:\OpenServer\OSPanel\domains\ishop2.loc\vendor\ishop\core\Router.php | Строка: 39
=================
[2020-06-10 20:57:29] Текст ошибки: Страница не найдена | Файл: D:\OpenServer\OSPanel\domains\ishop2.loc\vendor\ishop\core\Router.php | Строка: 39
=================
[2020-06-10 20:57:29] Текст ошибки: Страница не найдена | Файл: D:\OpenServer\OSPanel\domains\ishop2.loc\vendor\ishop\core\Router.php | Строка: 39
=================
[2020-06-10 20:57:29] Текст ошибки: Страница не найдена | Файл: D:\OpenServer\OSPanel\domains\ishop2.loc\vendor\ishop\core\Router.php | Строка: 39
=================
[2020-06-10 20:57:29] Текст ошибки: Страница не найдена | Файл: D:\OpenServer\OSPanel\domains\ishop2.loc\vendor\ishop\core\Router.php | Строка: 39
=================
[2020-06-10 20:57:29] Текст ошибки: Страница не найдена | Файл: D:\OpenServer\OSPanel\domains\ishop2.loc\vendor\ishop\core\Router.php | Строка: 39
=================
[2020-06-10 20:57:29] Текст ошибки: Страница не найдена | Файл: D:\OpenServer\OSPanel\domains\ishop2.loc\vendor\ishop\core\Router.php | Строка: 39
=================
[2020-06-10 20:57:35] Текст ошибки: Страница не найдена | Файл: D:\OpenServer\OSPanel\domains\ishop2.loc\vendor\ishop\core\Router.php | Строка: 39
=================
[2020-06-10 20:57:35] Текст ошибки: Страница не найдена | Файл: D:\OpenServer\OSPanel\domains\ishop2.loc\vendor\ishop\core\Router.php | Строка: 39
=================
[2020-06-10 20:57:35] Текст ошибки: Страница не найдена | Файл: D:\OpenServer\OSPanel\domains\ishop2.loc\vendor\ishop\core\Router.php | Строка: 39
=================
[2020-06-10 21:36:06] Текст ошибки: Страница не найдена | Файл: D:\OpenServer\OSPanel\domains\ishop2.loc\vendor\ishop\core\Router.php | Строка: 39
=================
[2020-06-10 21:36:47] Текст ошибки: Страница не найдена | Файл: D:\OpenServer\OSPanel\domains\ishop2.loc\vendor\ishop\core\Router.php | Строка: 39
=================
[2020-06-10 21:36:47] Текст ошибки: Страница не найдена | Файл: D:\OpenServer\OSPanel\domains\ishop2.loc\vendor\ishop\core\Router.php | Строка: 39
=================
[2020-06-10 21:37:37] Текст ошибки: Страница не найдена | Файл: D:\OpenServer\OSPanel\domains\ishop2.loc\vendor\ishop\core\Router.php | Строка: 39
=================
[2020-06-10 21:37:37] Текст ошибки: Страница не найдена | Файл: D:\OpenServer\OSPanel\domains\ishop2.loc\vendor\ishop\core\Router.php | Строка: 39
=================
[2020-06-10 21:37:37] Текст ошибки: Страница не найдена | Файл: D:\OpenServer\OSPanel\domains\ishop2.loc\vendor\ishop\core\Router.php | Строка: 39
=================
[2020-06-10 21:37:55] Текст ошибки: Страница не найдена | Файл: D:\OpenServer\OSPanel\domains\ishop2.loc\vendor\ishop\core\Router.php | Строка: 39
=================
[2020-06-10 21:37:55] Текст ошибки: Страница не найдена | Файл: D:\OpenServer\OSPanel\domains\ishop2.loc\vendor\ishop\core\Router.php | Строка: 39
=================
[2020-06-10 21:37:55] Текст ошибки: Страница не найдена | Файл: D:\OpenServer\OSPanel\domains\ishop2.loc\vendor\ishop\core\Router.php | Строка: 39
=================
[2020-06-10 21:38:22] Текст ошибки: Страница не найдена | Файл: D:\OpenServer\OSPanel\domains\ishop2.loc\vendor\ishop\core\Router.php | Строка: 39
=================
[2020-06-10 21:38:22] Текст ошибки: Страница не найдена | Файл: D:\OpenServer\OSPanel\domains\ishop2.loc\vendor\ishop\core\Router.php | Строка: 39
=================
[2020-06-10 21:38:22] Текст ошибки: Страница не найдена | Файл: D:\OpenServer\OSPanel\domains\ishop2.loc\vendor\ishop\core\Router.php | Строка: 39
=================
[2020-06-10 21:39:18] Текст ошибки: Страница не найдена | Файл: D:\OpenServer\OSPanel\domains\ishop2.loc\vendor\ishop\core\Router.php | Строка: 39
=================
[2020-06-10 21:39:18] Текст ошибки: Страница не найдена | Файл: D:\OpenServer\OSPanel\domains\ishop2.loc\vendor\ishop\core\Router.php | Строка: 39
=================
[2020-06-10 21:39:18] Текст ошибки: Страница не найдена | Файл: D:\OpenServer\OSPanel\domains\ishop2.loc\vendor\ishop\core\Router.php | Строка: 39
=================
[2020-06-10 22:01:51] Текст ошибки: Метод app\controllers\admin\UserController::indexAction не найден | Файл: D:\OpenServer\OSPanel\domains\ishop2.loc\vendor\ishop\core\Router.php | Строка: 33
=================
[2020-06-11 01:33:49] Текст ошибки: Страница не найдена | Файл: D:\OpenServer\OSPanel\domains\ishop2.loc\vendor\ishop\core\Router.php | Строка: 39
=================
[2020-06-11 01:40:08] Текст ошибки: Страница не найдена | Файл: D:\OpenServer\OSPanel\domains\ishop2.loc\vendor\ishop\core\Router.php | Строка: 39
=================
[2020-06-11 02:40:06] Текст ошибки: Метод app\controllers\TopicsController::competitonAction не найден | Файл: D:\OpenServer\OSPanel\domains\ishop2.loc\vendor\ishop\core\Router.php | Строка: 33
=================
[2020-06-11 02:40:06] Текст ошибки: Страница не найдена | Файл: D:\OpenServer\OSPanel\domains\ishop2.loc\vendor\ishop\core\Router.php | Строка: 39
=================
[2020-06-11 02:40:53] Текст ошибки: Метод app\controllers\TopicsController::competitonAction не найден | Файл: D:\OpenServer\OSPanel\domains\ishop2.loc\vendor\ishop\core\Router.php | Строка: 33
=================
[2020-06-11 17:29:44] Текст ошибки: Страница не найдена | Файл: D:\OpenServer\OSPanel\domains\ishop2.loc\vendor\ishop\core\Router.php | Строка: 39
=================
[2020-06-11 17:31:37] Текст ошибки: Страница не найдена | Файл: D:\OpenServer\OSPanel\domains\ishop2.loc\vendor\ishop\core\Router.php | Строка: 39
=================
[2020-06-12 17:18:06] Текст ошибки: Страница не найдена | Файл: D:\OpenServer\OSPanel\domains\ishop2.loc\vendor\ishop\core\Router.php | Строка: 39
=================
[2020-06-12 17:33:53] Текст ошибки: Страница не найдена | Файл: D:\OpenServer\OSPanel\domains\ishop2.loc\vendor\ishop\core\Router.php | Строка: 39
=================
[2020-06-13 16:02:57] Текст ошибки: Страница не найдена | Файл: D:\OpenServer\OSPanel\domains\ishop2.loc\vendor\ishop\core\Router.php | Строка: 39
=================
[2020-06-13 16:02:57] Текст ошибки: Страница не найдена | Файл: D:\OpenServer\OSPanel\domains\ishop2.loc\vendor\ishop\core\Router.php | Строка: 39
=================
[2020-06-13 16:02:57] Текст ошибки: Страница не найдена | Файл: D:\OpenServer\OSPanel\domains\ishop2.loc\vendor\ishop\core\Router.php | Строка: 39
=================
[2020-06-13 17:47:32] Текст ошибки: Страница не найдена | Файл: D:\OpenServer\OSPanel\domains\ishop2.loc\vendor\ishop\core\Router.php | Строка: 39
=================
[2020-06-13 17:47:32] Текст ошибки: Страница не найдена | Файл: D:\OpenServer\OSPanel\domains\ishop2.loc\vendor\ishop\core\Router.php | Строка: 39
=================
[2020-06-13 17:47:46] Текст ошибки: Страница не найдена | Файл: D:\OpenServer\OSPanel\domains\ishop2.loc\vendor\ishop\core\Router.php | Строка: 39
=================
[2020-06-13 17:47:46] Текст ошибки: Страница не найдена | Файл: D:\OpenServer\OSPanel\domains\ishop2.loc\vendor\ishop\core\Router.php | Строка: 39
=================
[2020-06-13 17:47:57] Текст ошибки: Страница не найдена | Файл: D:\OpenServer\OSPanel\domains\ishop2.loc\vendor\ishop\core\Router.php | Строка: 39
=================
[2020-06-13 17:49:31] Текст ошибки: Страница не найдена | Файл: D:\OpenServer\OSPanel\domains\ishop2.loc\vendor\ishop\core\Router.php | Строка: 39
=================
[2020-06-13 18:50:29] Текст ошибки: Страница не найдена | Файл: D:\OpenServer\OSPanel\domains\ishop2.loc\vendor\ishop\core\Router.php | Строка: 39
=================
[2020-06-13 19:47:39] Текст ошибки: Метод app\controllers\TopicsController::universityAction не найден | Файл: D:\OpenServer\OSPanel\domains\ishop2.loc\vendor\ishop\core\Router.php | Строка: 33
=================
[2020-06-13 19:47:39] Текст ошибки: Страница не найдена | Файл: D:\OpenServer\OSPanel\domains\ishop2.loc\vendor\ishop\core\Router.php | Строка: 39
=================
[2020-06-13 22:45:33] Текст ошибки: Страница не найдена | Файл: D:\OpenServer\OSPanel\domains\ishop2.loc\vendor\ishop\core\Router.php | Строка: 39
=================
[2020-06-13 22:45:33] Текст ошибки: Страница не найдена | Файл: D:\OpenServer\OSPanel\domains\ishop2.loc\vendor\ishop\core\Router.php | Строка: 39
=================
[2020-06-13 23:42:28] Текст ошибки: Страница не найдена | Файл: D:\OpenServer\OSPanel\domains\ishop2.loc\vendor\ishop\core\Router.php | Строка: 39
=================
[2020-06-14 00:17:40] Текст ошибки: На найден шаблон watches | Файл: D:\OpenServer\OSPanel\domains\sfv\vendor\ishop\core\base\View.php | Строка: 45
=================
[2020-06-14 00:17:40] Текст ошибки: Страница не найдена | Файл: D:\OpenServer\OSPanel\domains\sfv\vendor\ishop\core\Router.php | Строка: 39
=================
[2020-06-14 00:21:16] Текст ошибки: Страница не найдена | Файл: D:\OpenServer\OSPanel\domains\sfv\vendor\ishop\core\Router.php | Строка: 39
=================
[2020-06-14 22:07:05] Текст ошибки: Страница не найдена | Файл: D:\OpenServer\OSPanel\domains\sfv\vendor\ishop\core\Router.php | Строка: 39
=================
[2020-06-14 22:09:30] Текст ошибки: Страница не найдена | Файл: D:\OpenServer\OSPanel\domains\sfv\vendor\ishop\core\Router.php | Строка: 39
=================
[2020-06-14 23:40:30] Текст ошибки: Страница не найдена | Файл: D:\OpenServer\OSPanel\domains\sfv\vendor\ishop\core\Router.php | Строка: 39
=================
[2020-06-15 10:55:00] Текст ошибки: Страница не найдена | Файл: D:\OpenServer\OSPanel\domains\sfv\vendor\ishop\core\Router.php | Строка: 39
=================
[2020-06-15 10:56:52] Текст ошибки: Страница не найдена | Файл: D:\OpenServer\OSPanel\domains\sfv\vendor\ishop\core\Router.php | Строка: 39
=================
[2020-06-15 11:18:23] Текст ошибки: SQLSTATE[42S02]: Base table or view not found: 1146 Table 'sfv.attribute_product' doesn't exist | Файл: D:\OpenServer\OSPanel\domains\sfv\vendor\gabordemooij\redbean\RedBeanPHP\Driver\RPDO.php | Строка: 186
=================
[2020-06-15 11:18:23] Текст ошибки: Страница не найдена | Файл: D:\OpenServer\OSPanel\domains\sfv\vendor\ishop\core\Router.php | Строка: 39
=================
[2020-06-15 11:21:51] Текст ошибки: Страница не найдена | Файл: D:\OpenServer\OSPanel\domains\sfv\vendor\ishop\core\Router.php | Строка: 39
=================
